make all --print-data-base --no-builtin-variables --no-builtin-rules --question
Makefile:2: *** multiple target patterns.  Stop.

# GNU Make 4.3
# Built for x86_64-pc-linux-gnu
# Copyright (C) 1988-2020 Free Software Foundation, Inc.
# License GPLv3+: GNU GPL version 3 or later <http://gnu.org/licenses/gpl.html>
# This is free software: you are free to change and redistribute it.
# There is NO WARRANTY, to the extent permitted by law.

# Make data base, printed on Mon Jun 13 08:31:34 2022

# Variables

# environment
LC_ALL = C
# environment
LC_NAME = pt_BR.UTF-8
# environment
LC_NUMERIC = pt_BR.UTF-8
# environment
VSCODE_CWD = /home/lgcantarelli
# environment
LC_ADDRESS = pt_BR.UTF-8
# default
MAKE_COMMAND := make
# environment
VSCODE_HANDLES_SIGPIPE = true
# environment
rvm_bin_path = /home/lgcantarelli/.rvm/bin
# automatic
@D = $(patsubst %/,%,$(dir $@))
# environment
VSCODE_HANDLES_UNCAUGHT_ERRORS = true
# default
.VARIABLES := 
# environment
PWD = /home/lgcantarelli/Projects/college/IPPD/mandelrator
# automatic
%D = $(patsubst %/,%,$(dir $%))
# environment
MAIL = /var/spool/mail/lgcantarelli
# environment
XDG_DATA_DIRS = /home/lgcantarelli/.local/share/flatpak/exports/share:/var/lib/flatpak/exports/share:/usr/local/share:/usr/share:/var/lib/snapd/desktop
# automatic
^D = $(patsubst %/,%,$(dir $^))
# environment
VSCODE_LOG_STACK = false
# automatic
%F = $(notdir $%)
# environment
LANG = C
# default
.LOADED := 
# default
.INCLUDE_DIRS = /usr/include /usr/local/include /usr/include
# environment
GEM_PATH = /home/lgcantarelli/.rvm/gems/ruby-3.1.1:/home/lgcantarelli/.rvm/gems/ruby-3.1.1@global
# makefile
MAKEFLAGS = pqrR
# makefile
CURDIR := /home/lgcantarelli/Projects/college/IPPD/mandelrator
# environment
VSCODE_PIPE_LOGGING = true
# environment
APPLICATION_INSIGHTS_NO_DIAGNOSTIC_CHANNEL = 1
# automatic
*D = $(patsubst %/,%,$(dir $*))
# environment
MFLAGS = -pqrR
# default
.SHELLFLAGS := -c
# automatic
+D = $(patsubst %/,%,$(dir $+))
# makefile (from 'Makefile', line 1)
MAKEFILE_LIST := Makefile
# automatic
@F = $(notdir $@)
# environment
VSCODE_VERBOSE_LOGGING = true
# environment
XDG_SESSION_TYPE = tty
# automatic
?D = $(patsubst %/,%,$(dir $?))
# environment
MY_RUBY_HOME = /home/lgcantarelli/.rvm/rubies/ruby-3.1.1
# automatic
*F = $(notdir $*)
# environment
DBUS_SESSION_BUS_ADDRESS = unix:path=/run/user/1000/bus
# automatic
<D = $(patsubst %/,%,$(dir $<))
# environment
VSCODE_NLS_CONFIG = {"locale":"en","availableLanguages":{}}
# default
MAKE_HOST := x86_64-pc-linux-gnu
# makefile
SHELL = /bin/sh
# default
MAKECMDGOALS := all
# environment
SHLVL = 2
# environment
rvm_path = /home/lgcantarelli/.rvm
# environment
MAKELEVEL := 0
# default
MAKE = $(MAKE_COMMAND)
# environment
PATH = /home/lgcantarelli/.vscode-server/bin/4af164ea3a06f701fe3e89a2bcbb421d2026b68f/bin/remote-cli:/home/lgcantarelli/.local/bin:/home/lgcantarelli/.rvm/gems/ruby-3.1.1/bin:/home/lgcantarelli/.rvm/gems/ruby-3.1.1@global/bin:/home/lgcantarelli/.rvm/rubies/ruby-3.1.1/bin:/home/lgcantarelli/.local/bin:/usr/local/sbin:/usr/local/bin:/usr/bin:/usr/bin/site_perl:/usr/bin/vendor_perl:/usr/bin/core_perl:/var/lib/snapd/snap/bin:/home/lgcantarelli/.rvm/bin:/home/lgcantarelli/.rvm/bin
# default
MAKEFILES := 
# environment
LC_MONETARY = pt_BR.UTF-8
# environment
MOTD_SHOWN = pam
# automatic
^F = $(notdir $^)
# environment
LC_TIME = pt_BR.UTF-8
# environment
SSH_CLIENT = 10.0.1.2 49408 22
# environment
VSCODE_LOG_NATIVE = false
# environment
LC_TELEPHONE = pt_BR.UTF-8
# automatic
?F = $(notdir $?)
# environment
LS_COLORS = 
# automatic
+F = $(notdir $+)
# environment
IRBRC = /home/lgcantarelli/.rvm/rubies/ruby-3.1.1/.irbrc
# environment
GNUMAKEFLAGS := 
# environment
BROWSER = /home/lgcantarelli/.vscode-server/bin/4af164ea3a06f701fe3e89a2bcbb421d2026b68f/bin/helpers/browser.sh
# environment
LOGNAME = lgcantarelli
# makefile
.DEFAULT_GOAL := run
# environment
rvm_version = 1.29.12-next (master)
# environment
USER = lgcantarelli
# default
MAKE_VERSION := 4.3
# environment
VSCODE_EXTHOST_WILL_SEND_SOCKET = true
# environment
LC_MEASUREMENT = pt_BR.UTF-8
# environment
VSCODE_AGENT_FOLDER = /home/lgcantarelli/.vscode-server
# environment
_ = /usr/bin/make
# environment
LC_PAPER = pt_BR.UTF-8
# environment
GEM_HOME = /home/lgcantarelli/.rvm/gems/ruby-3.1.1
# environment
XDG_RUNTIME_DIR = /run/user/1000
# environment
VSCODE_IPC_HOOK_CLI = /run/user/1000/vscode-ipc-5a1aa1e1-a12a-4773-8739-19db72a28d23.sock
# environment
XDG_SESSION_CLASS = user
# environment
VSCODE_AMD_ENTRYPOINT = vs/workbench/api/node/extensionHostProcess
# environment
HOME = /home/lgcantarelli
# environment
XDG_SESSION_ID = 4
# default
.RECIPEPREFIX := 
# automatic
<F = $(notdir $<)
# default
SUFFIXES := 
# default
.FEATURES := target-specific order-only second-expansion else-if shortest-stem undefine oneshell nocomment grouped-target extra-prereqs archives jobserver output-sync check-symlink guile load
# environment
rvm_prefix = /home/lgcantarelli
# environment
RUBY_VERSION = ruby-3.1.1
# environment
LC_IDENTIFICATION = pt_BR.UTF-8
# environment
SSH_CONNECTION = 10.0.1.2 49408 10.0.1.8 22
# variable set hash-table stats:
# Load=87/1024=8%, Rehash=0, Collisions=6/102=6%

# Pattern-specific Variable Values

# No pattern-specific variable values.

# Directories

# . (device 66306, inode 24641769): 10 files, no impossibilities.

# 10 files, no impossibilities in 1 directories.

# Implicit Rules

# No implicit rules.

# Files

# Not a target:
Makefile:
#  Implicit rule search has not been done.
#  Modification time never checked.
#  File has not been updated.

# Not a target:
.DEFAULT:
#  Implicit rule search has not been done.
#  Modification time never checked.
#  File has not been updated.

# Not a target:
all:
#  Command line target.
#  Implicit rule search has not been done.
#  Modification time never checked.
#  File has not been updated.

run:
#  Implicit rule search has not been done.
#  Modification time never checked.
#  File has not been updated.

# files hash-table stats:
# Load=5/1024=0%, Rehash=0, Collisions=0/6=0%
# VPATH Search Paths

# No 'vpath' search paths.

# No general ('VPATH' variable) search path.

# strcache buffers: 1 (0) / strings = 24 / storage = 258 B / avg = 10 B
# current buf: size = 8162 B / used = 258 B / count = 24 / avg = 10 B

# strcache performance: lookups = 30 / hit rate = 20%
# hash-table stats:
# Load=24/8192=0%, Rehash=0, Collisions=0/30=0%
# Finished Make data base on Mon Jun 13 08:31:34 2022

 
